{"date":"Thu Nov 20 2025 12:12:55 GMT+0530 (India Standard Time)","error":{"diagnosticCodes":[6133,6133]},"exception":true,"level":"error","message":"uncaughtException: ⨯ Unable to compile TypeScript:\n\u001b[96mbackend/src/middleware/error.middleware.ts\u001b[0m:\u001b[93m27\u001b[0m:\u001b[93m3\u001b[0m - \u001b[91merror\u001b[0m\u001b[90m TS6133: \u001b[0m'next' is declared but its value is never read.\r\n\r\n\u001b[7m27\u001b[0m   next: NextFunction\r\n\u001b[7m  \u001b[0m \u001b[91m  ~~~~\u001b[0m\r\n\u001b[96mbackend/src/middleware/error.middleware.ts\u001b[0m:\u001b[93m93\u001b[0m:\u001b[93m3\u001b[0m - \u001b[91merror\u001b[0m\u001b[90m TS6133: \u001b[0m'res' is declared but its value is never read.\r\n\r\n\u001b[7m93\u001b[0m   res: Response,\r\n\u001b[7m  \u001b[0m \u001b[91m  ~~~\u001b[0m\r\n\nTSError: ⨯ Unable to compile TypeScript:\n\u001b[96mbackend/src/middleware/error.middleware.ts\u001b[0m:\u001b[93m27\u001b[0m:\u001b[93m3\u001b[0m - \u001b[91merror\u001b[0m\u001b[90m TS6133: \u001b[0m'next' is declared but its value is never read.\r\n\r\n\u001b[7m27\u001b[0m   next: NextFunction\r\n\u001b[7m  \u001b[0m \u001b[91m  ~~~~\u001b[0m\r\n\u001b[96mbackend/src/middleware/error.middleware.ts\u001b[0m:\u001b[93m93\u001b[0m:\u001b[93m3\u001b[0m - \u001b[91merror\u001b[0m\u001b[90m TS6133: \u001b[0m'res' is declared but its value is never read.\r\n\r\n\u001b[7m93\u001b[0m   res: Response,\r\n\u001b[7m  \u001b[0m \u001b[91m  ~~~\u001b[0m\r\n\n    at createTSError (C:\\Users\\shubh\\AppData\\Local\\npm-cache\\_npx\\1bf7c3c15bf47d04\\node_modules\\ts-node\\src\\index.ts:859:12)\n    at reportTSError (C:\\Users\\shubh\\AppData\\Local\\npm-cache\\_npx\\1bf7c3c15bf47d04\\node_modules\\ts-node\\src\\index.ts:863:19)\n    at getOutput (C:\\Users\\shubh\\AppData\\Local\\npm-cache\\_npx\\1bf7c3c15bf47d04\\node_modules\\ts-node\\src\\index.ts:1077:36)\n    at Object.compile (C:\\Users\\shubh\\AppData\\Local\\npm-cache\\_npx\\1bf7c3c15bf47d04\\node_modules\\ts-node\\src\\index.ts:1433:41)\n    at Module.m._compile (C:\\Users\\shubh\\AppData\\Local\\npm-cache\\_npx\\1bf7c3c15bf47d04\\node_modules\\ts-node\\src\\index.ts:1617:30)\n    at node:internal/modules/cjs/loader:1893:10\n    at Object.require.extensions.<computed> [as .ts] (C:\\Users\\shubh\\AppData\\Local\\npm-cache\\_npx\\1bf7c3c15bf47d04\\node_modules\\ts-node\\src\\index.ts:1621:12)\n    at Module.load (node:internal/modules/cjs/loader:1481:32)\n    at Module._load (node:internal/modules/cjs/loader:1300:12)\n    at TracingChannel.traceSync (node:diagnostics_channel:328:14)","os":{"loadavg":[0,0,0],"uptime":610128.796},"process":{"argv":["C:\\Users\\shubh\\AppData\\Local\\npm-cache\\_npx\\1bf7c3c15bf47d04\\node_modules\\ts-node\\dist\\bin.js","C:\\Users\\shubh\\Downloads\\ecommerce-app\\backend\\src\\server.ts"],"cwd":"C:\\Users\\shubh\\Downloads\\ecommerce-app","execPath":"C:\\Program Files\\nodejs\\node.exe","gid":null,"memoryUsage":{"arrayBuffers":5391223,"external":8522966,"heapTotal":391249920,"heapUsed":285659904,"rss":464764928},"pid":53016,"uid":null,"version":"v24.11.1"},"service":"mulary-backend","stack":"TSError: ⨯ Unable to compile TypeScript:\n\u001b[96mbackend/src/middleware/error.middleware.ts\u001b[0m:\u001b[93m27\u001b[0m:\u001b[93m3\u001b[0m - \u001b[91merror\u001b[0m\u001b[90m TS6133: \u001b[0m'next' is declared but its value is never read.\r\n\r\n\u001b[7m27\u001b[0m   next: NextFunction\r\n\u001b[7m  \u001b[0m \u001b[91m  ~~~~\u001b[0m\r\n\u001b[96mbackend/src/middleware/error.middleware.ts\u001b[0m:\u001b[93m93\u001b[0m:\u001b[93m3\u001b[0m - \u001b[91merror\u001b[0m\u001b[90m TS6133: \u001b[0m'res' is declared but its value is never read.\r\n\r\n\u001b[7m93\u001b[0m   res: Response,\r\n\u001b[7m  \u001b[0m \u001b[91m  ~~~\u001b[0m\r\n\n    at createTSError (C:\\Users\\shubh\\AppData\\Local\\npm-cache\\_npx\\1bf7c3c15bf47d04\\node_modules\\ts-node\\src\\index.ts:859:12)\n    at reportTSError (C:\\Users\\shubh\\AppData\\Local\\npm-cache\\_npx\\1bf7c3c15bf47d04\\node_modules\\ts-node\\src\\index.ts:863:19)\n    at getOutput (C:\\Users\\shubh\\AppData\\Local\\npm-cache\\_npx\\1bf7c3c15bf47d04\\node_modules\\ts-node\\src\\index.ts:1077:36)\n    at Object.compile (C:\\Users\\shubh\\AppData\\Local\\npm-cache\\_npx\\1bf7c3c15bf47d04\\node_modules\\ts-node\\src\\index.ts:1433:41)\n    at Module.m._compile (C:\\Users\\shubh\\AppData\\Local\\npm-cache\\_npx\\1bf7c3c15bf47d04\\node_modules\\ts-node\\src\\index.ts:1617:30)\n    at node:internal/modules/cjs/loader:1893:10\n    at Object.require.extensions.<computed> [as .ts] (C:\\Users\\shubh\\AppData\\Local\\npm-cache\\_npx\\1bf7c3c15bf47d04\\node_modules\\ts-node\\src\\index.ts:1621:12)\n    at Module.load (node:internal/modules/cjs/loader:1481:32)\n    at Module._load (node:internal/modules/cjs/loader:1300:12)\n    at TracingChannel.traceSync (node:diagnostics_channel:328:14)","timestamp":"2025-11-20 12:12:55","trace":[{"column":12,"file":"C:\\Users\\shubh\\AppData\\Local\\npm-cache\\_npx\\1bf7c3c15bf47d04\\node_modules\\ts-node\\src\\index.ts","function":"createTSError","line":859,"method":null,"native":false},{"column":19,"file":"C:\\Users\\shubh\\AppData\\Local\\npm-cache\\_npx\\1bf7c3c15bf47d04\\node_modules\\ts-node\\src\\index.ts","function":"reportTSError","line":863,"method":null,"native":false},{"column":36,"file":"C:\\Users\\shubh\\AppData\\Local\\npm-cache\\_npx\\1bf7c3c15bf47d04\\node_modules\\ts-node\\src\\index.ts","function":"getOutput","line":1077,"method":null,"native":false},{"column":41,"file":"C:\\Users\\shubh\\AppData\\Local\\npm-cache\\_npx\\1bf7c3c15bf47d04\\node_modules\\ts-node\\src\\index.ts","function":"Object.compile","line":1433,"method":"compile","native":false},{"column":30,"file":"C:\\Users\\shubh\\AppData\\Local\\npm-cache\\_npx\\1bf7c3c15bf47d04\\node_modules\\ts-node\\src\\index.ts","function":"Module.m._compile","line":1617,"method":"_compile","native":false},{"column":10,"file":"node:internal/modules/cjs/loader","function":null,"line":1893,"method":null,"native":false},{"column":12,"file":"C:\\Users\\shubh\\AppData\\Local\\npm-cache\\_npx\\1bf7c3c15bf47d04\\node_modules\\ts-node\\src\\index.ts","function":"Object.require.extensions.<computed> [as .ts]","line":1621,"method":"ts]","native":false},{"column":32,"file":"node:internal/modules/cjs/loader","function":"Module.load","line":1481,"method":"load","native":false},{"column":12,"file":"node:internal/modules/cjs/loader","function":"Module._load","line":1300,"method":"_load","native":false},{"column":14,"file":"node:diagnostics_channel","function":"TracingChannel.traceSync","line":328,"method":"traceSync","native":false}]}
{"date":"Thu Nov 20 2025 14:59:35 GMT+0530 (India Standard Time)","error":{"diagnosticCodes":[6133,6133]},"exception":true,"level":"error","message":"uncaughtException: ⨯ Unable to compile TypeScript:\n\u001b[96mbackend/src/middleware/error.middleware.ts\u001b[0m:\u001b[93m27\u001b[0m:\u001b[93m3\u001b[0m - \u001b[91merror\u001b[0m\u001b[90m TS6133: \u001b[0m'next' is declared but its value is never read.\r\n\r\n\u001b[7m27\u001b[0m   next: NextFunction\r\n\u001b[7m  \u001b[0m \u001b[91m  ~~~~\u001b[0m\r\n\u001b[96mbackend/src/middleware/error.middleware.ts\u001b[0m:\u001b[93m93\u001b[0m:\u001b[93m3\u001b[0m - \u001b[91merror\u001b[0m\u001b[90m TS6133: \u001b[0m'res' is declared but its value is never read.\r\n\r\n\u001b[7m93\u001b[0m   res: Response,\r\n\u001b[7m  \u001b[0m \u001b[91m  ~~~\u001b[0m\r\n\nTSError: ⨯ Unable to compile TypeScript:\n\u001b[96mbackend/src/middleware/error.middleware.ts\u001b[0m:\u001b[93m27\u001b[0m:\u001b[93m3\u001b[0m - \u001b[91merror\u001b[0m\u001b[90m TS6133: \u001b[0m'next' is declared but its value is never read.\r\n\r\n\u001b[7m27\u001b[0m   next: NextFunction\r\n\u001b[7m  \u001b[0m \u001b[91m  ~~~~\u001b[0m\r\n\u001b[96mbackend/src/middleware/error.middleware.ts\u001b[0m:\u001b[93m93\u001b[0m:\u001b[93m3\u001b[0m - \u001b[91merror\u001b[0m\u001b[90m TS6133: \u001b[0m'res' is declared but its value is never read.\r\n\r\n\u001b[7m93\u001b[0m   res: Response,\r\n\u001b[7m  \u001b[0m \u001b[91m  ~~~\u001b[0m\r\n\n    at createTSError (C:\\Users\\shubh\\AppData\\Local\\npm-cache\\_npx\\1bf7c3c15bf47d04\\node_modules\\ts-node\\src\\index.ts:859:12)\n    at reportTSError (C:\\Users\\shubh\\AppData\\Local\\npm-cache\\_npx\\1bf7c3c15bf47d04\\node_modules\\ts-node\\src\\index.ts:863:19)\n    at getOutput (C:\\Users\\shubh\\AppData\\Local\\npm-cache\\_npx\\1bf7c3c15bf47d04\\node_modules\\ts-node\\src\\index.ts:1077:36)\n    at Object.compile (C:\\Users\\shubh\\AppData\\Local\\npm-cache\\_npx\\1bf7c3c15bf47d04\\node_modules\\ts-node\\src\\index.ts:1433:41)\n    at Module.m._compile (C:\\Users\\shubh\\AppData\\Local\\npm-cache\\_npx\\1bf7c3c15bf47d04\\node_modules\\ts-node\\src\\index.ts:1617:30)\n    at node:internal/modules/cjs/loader:1893:10\n    at Object.require.extensions.<computed> [as .ts] (C:\\Users\\shubh\\AppData\\Local\\npm-cache\\_npx\\1bf7c3c15bf47d04\\node_modules\\ts-node\\src\\index.ts:1621:12)\n    at Module.load (node:internal/modules/cjs/loader:1481:32)\n    at Module._load (node:internal/modules/cjs/loader:1300:12)\n    at TracingChannel.traceSync (node:diagnostics_channel:328:14)","os":{"loadavg":[0,0,0],"uptime":620128.859},"process":{"argv":["C:\\Users\\shubh\\AppData\\Local\\npm-cache\\_npx\\1bf7c3c15bf47d04\\node_modules\\ts-node\\dist\\bin.js","C:\\Users\\shubh\\Downloads\\ecommerce-app\\backend\\src\\server.ts"],"cwd":"C:\\Users\\shubh\\Downloads\\ecommerce-app","execPath":"C:\\Program Files\\nodejs\\node.exe","gid":null,"memoryUsage":{"arrayBuffers":5431922,"external":8563665,"heapTotal":392298496,"heapUsed":285345832,"rss":453853184},"pid":47992,"uid":null,"version":"v24.11.1"},"service":"mulary-backend","stack":"TSError: ⨯ Unable to compile TypeScript:\n\u001b[96mbackend/src/middleware/error.middleware.ts\u001b[0m:\u001b[93m27\u001b[0m:\u001b[93m3\u001b[0m - \u001b[91merror\u001b[0m\u001b[90m TS6133: \u001b[0m'next' is declared but its value is never read.\r\n\r\n\u001b[7m27\u001b[0m   next: NextFunction\r\n\u001b[7m  \u001b[0m \u001b[91m  ~~~~\u001b[0m\r\n\u001b[96mbackend/src/middleware/error.middleware.ts\u001b[0m:\u001b[93m93\u001b[0m:\u001b[93m3\u001b[0m - \u001b[91merror\u001b[0m\u001b[90m TS6133: \u001b[0m'res' is declared but its value is never read.\r\n\r\n\u001b[7m93\u001b[0m   res: Response,\r\n\u001b[7m  \u001b[0m \u001b[91m  ~~~\u001b[0m\r\n\n    at createTSError (C:\\Users\\shubh\\AppData\\Local\\npm-cache\\_npx\\1bf7c3c15bf47d04\\node_modules\\ts-node\\src\\index.ts:859:12)\n    at reportTSError (C:\\Users\\shubh\\AppData\\Local\\npm-cache\\_npx\\1bf7c3c15bf47d04\\node_modules\\ts-node\\src\\index.ts:863:19)\n    at getOutput (C:\\Users\\shubh\\AppData\\Local\\npm-cache\\_npx\\1bf7c3c15bf47d04\\node_modules\\ts-node\\src\\index.ts:1077:36)\n    at Object.compile (C:\\Users\\shubh\\AppData\\Local\\npm-cache\\_npx\\1bf7c3c15bf47d04\\node_modules\\ts-node\\src\\index.ts:1433:41)\n    at Module.m._compile (C:\\Users\\shubh\\AppData\\Local\\npm-cache\\_npx\\1bf7c3c15bf47d04\\node_modules\\ts-node\\src\\index.ts:1617:30)\n    at node:internal/modules/cjs/loader:1893:10\n    at Object.require.extensions.<computed> [as .ts] (C:\\Users\\shubh\\AppData\\Local\\npm-cache\\_npx\\1bf7c3c15bf47d04\\node_modules\\ts-node\\src\\index.ts:1621:12)\n    at Module.load (node:internal/modules/cjs/loader:1481:32)\n    at Module._load (node:internal/modules/cjs/loader:1300:12)\n    at TracingChannel.traceSync (node:diagnostics_channel:328:14)","timestamp":"2025-11-20 14:59:35","trace":[{"column":12,"file":"C:\\Users\\shubh\\AppData\\Local\\npm-cache\\_npx\\1bf7c3c15bf47d04\\node_modules\\ts-node\\src\\index.ts","function":"createTSError","line":859,"method":null,"native":false},{"column":19,"file":"C:\\Users\\shubh\\AppData\\Local\\npm-cache\\_npx\\1bf7c3c15bf47d04\\node_modules\\ts-node\\src\\index.ts","function":"reportTSError","line":863,"method":null,"native":false},{"column":36,"file":"C:\\Users\\shubh\\AppData\\Local\\npm-cache\\_npx\\1bf7c3c15bf47d04\\node_modules\\ts-node\\src\\index.ts","function":"getOutput","line":1077,"method":null,"native":false},{"column":41,"file":"C:\\Users\\shubh\\AppData\\Local\\npm-cache\\_npx\\1bf7c3c15bf47d04\\node_modules\\ts-node\\src\\index.ts","function":"Object.compile","line":1433,"method":"compile","native":false},{"column":30,"file":"C:\\Users\\shubh\\AppData\\Local\\npm-cache\\_npx\\1bf7c3c15bf47d04\\node_modules\\ts-node\\src\\index.ts","function":"Module.m._compile","line":1617,"method":"_compile","native":false},{"column":10,"file":"node:internal/modules/cjs/loader","function":null,"line":1893,"method":null,"native":false},{"column":12,"file":"C:\\Users\\shubh\\AppData\\Local\\npm-cache\\_npx\\1bf7c3c15bf47d04\\node_modules\\ts-node\\src\\index.ts","function":"Object.require.extensions.<computed> [as .ts]","line":1621,"method":"ts]","native":false},{"column":32,"file":"node:internal/modules/cjs/loader","function":"Module.load","line":1481,"method":"load","native":false},{"column":12,"file":"node:internal/modules/cjs/loader","function":"Module._load","line":1300,"method":"_load","native":false},{"column":14,"file":"node:diagnostics_channel","function":"TracingChannel.traceSync","line":328,"method":"traceSync","native":false}]}
{"date":"Thu Nov 20 2025 15:09:39 GMT+0530 (India Standard Time)","error":{"diagnosticCodes":[6133,6133]},"exception":true,"level":"error","message":"uncaughtException: ⨯ Unable to compile TypeScript:\n\u001b[96mbackend/src/middleware/error.middleware.ts\u001b[0m:\u001b[93m27\u001b[0m:\u001b[93m3\u001b[0m - \u001b[91merror\u001b[0m\u001b[90m TS6133: \u001b[0m'next' is declared but its value is never read.\r\n\r\n\u001b[7m27\u001b[0m   next: NextFunction\r\n\u001b[7m  \u001b[0m \u001b[91m  ~~~~\u001b[0m\r\n\u001b[96mbackend/src/middleware/error.middleware.ts\u001b[0m:\u001b[93m93\u001b[0m:\u001b[93m3\u001b[0m - \u001b[91merror\u001b[0m\u001b[90m TS6133: \u001b[0m'res' is declared but its value is never read.\r\n\r\n\u001b[7m93\u001b[0m   res: Response,\r\n\u001b[7m  \u001b[0m \u001b[91m  ~~~\u001b[0m\r\n\nTSError: ⨯ Unable to compile TypeScript:\n\u001b[96mbackend/src/middleware/error.middleware.ts\u001b[0m:\u001b[93m27\u001b[0m:\u001b[93m3\u001b[0m - \u001b[91merror\u001b[0m\u001b[90m TS6133: \u001b[0m'next' is declared but its value is never read.\r\n\r\n\u001b[7m27\u001b[0m   next: NextFunction\r\n\u001b[7m  \u001b[0m \u001b[91m  ~~~~\u001b[0m\r\n\u001b[96mbackend/src/middleware/error.middleware.ts\u001b[0m:\u001b[93m93\u001b[0m:\u001b[93m3\u001b[0m - \u001b[91merror\u001b[0m\u001b[90m TS6133: \u001b[0m'res' is declared but its value is never read.\r\n\r\n\u001b[7m93\u001b[0m   res: Response,\r\n\u001b[7m  \u001b[0m \u001b[91m  ~~~\u001b[0m\r\n\n    at createTSError (C:\\Users\\shubh\\AppData\\Local\\npm-cache\\_npx\\1bf7c3c15bf47d04\\node_modules\\ts-node\\src\\index.ts:859:12)\n    at reportTSError (C:\\Users\\shubh\\AppData\\Local\\npm-cache\\_npx\\1bf7c3c15bf47d04\\node_modules\\ts-node\\src\\index.ts:863:19)\n    at getOutput (C:\\Users\\shubh\\AppData\\Local\\npm-cache\\_npx\\1bf7c3c15bf47d04\\node_modules\\ts-node\\src\\index.ts:1077:36)\n    at Object.compile (C:\\Users\\shubh\\AppData\\Local\\npm-cache\\_npx\\1bf7c3c15bf47d04\\node_modules\\ts-node\\src\\index.ts:1433:41)\n    at Module.m._compile (C:\\Users\\shubh\\AppData\\Local\\npm-cache\\_npx\\1bf7c3c15bf47d04\\node_modules\\ts-node\\src\\index.ts:1617:30)\n    at node:internal/modules/cjs/loader:1893:10\n    at Object.require.extensions.<computed> [as .ts] (C:\\Users\\shubh\\AppData\\Local\\npm-cache\\_npx\\1bf7c3c15bf47d04\\node_modules\\ts-node\\src\\index.ts:1621:12)\n    at Module.load (node:internal/modules/cjs/loader:1481:32)\n    at Module._load (node:internal/modules/cjs/loader:1300:12)\n    at TracingChannel.traceSync (node:diagnostics_channel:328:14)","os":{"loadavg":[0,0,0],"uptime":620733.25},"process":{"argv":["C:\\Users\\shubh\\AppData\\Local\\npm-cache\\_npx\\1bf7c3c15bf47d04\\node_modules\\ts-node\\dist\\bin.js","C:\\Users\\shubh\\Downloads\\ecommerce-app\\backend\\src\\server.ts"],"cwd":"C:\\Users\\shubh\\Downloads\\ecommerce-app","execPath":"C:\\Program Files\\nodejs\\node.exe","gid":null,"memoryUsage":{"arrayBuffers":5255944,"external":8387687,"heapTotal":379977728,"heapUsed":294038120,"rss":449191936},"pid":44892,"uid":null,"version":"v24.11.1"},"service":"mulary-backend","stack":"TSError: ⨯ Unable to compile TypeScript:\n\u001b[96mbackend/src/middleware/error.middleware.ts\u001b[0m:\u001b[93m27\u001b[0m:\u001b[93m3\u001b[0m - \u001b[91merror\u001b[0m\u001b[90m TS6133: \u001b[0m'next' is declared but its value is never read.\r\n\r\n\u001b[7m27\u001b[0m   next: NextFunction\r\n\u001b[7m  \u001b[0m \u001b[91m  ~~~~\u001b[0m\r\n\u001b[96mbackend/src/middleware/error.middleware.ts\u001b[0m:\u001b[93m93\u001b[0m:\u001b[93m3\u001b[0m - \u001b[91merror\u001b[0m\u001b[90m TS6133: \u001b[0m'res' is declared but its value is never read.\r\n\r\n\u001b[7m93\u001b[0m   res: Response,\r\n\u001b[7m  \u001b[0m \u001b[91m  ~~~\u001b[0m\r\n\n    at createTSError (C:\\Users\\shubh\\AppData\\Local\\npm-cache\\_npx\\1bf7c3c15bf47d04\\node_modules\\ts-node\\src\\index.ts:859:12)\n    at reportTSError (C:\\Users\\shubh\\AppData\\Local\\npm-cache\\_npx\\1bf7c3c15bf47d04\\node_modules\\ts-node\\src\\index.ts:863:19)\n    at getOutput (C:\\Users\\shubh\\AppData\\Local\\npm-cache\\_npx\\1bf7c3c15bf47d04\\node_modules\\ts-node\\src\\index.ts:1077:36)\n    at Object.compile (C:\\Users\\shubh\\AppData\\Local\\npm-cache\\_npx\\1bf7c3c15bf47d04\\node_modules\\ts-node\\src\\index.ts:1433:41)\n    at Module.m._compile (C:\\Users\\shubh\\AppData\\Local\\npm-cache\\_npx\\1bf7c3c15bf47d04\\node_modules\\ts-node\\src\\index.ts:1617:30)\n    at node:internal/modules/cjs/loader:1893:10\n    at Object.require.extensions.<computed> [as .ts] (C:\\Users\\shubh\\AppData\\Local\\npm-cache\\_npx\\1bf7c3c15bf47d04\\node_modules\\ts-node\\src\\index.ts:1621:12)\n    at Module.load (node:internal/modules/cjs/loader:1481:32)\n    at Module._load (node:internal/modules/cjs/loader:1300:12)\n    at TracingChannel.traceSync (node:diagnostics_channel:328:14)","timestamp":"2025-11-20 15:09:39","trace":[{"column":12,"file":"C:\\Users\\shubh\\AppData\\Local\\npm-cache\\_npx\\1bf7c3c15bf47d04\\node_modules\\ts-node\\src\\index.ts","function":"createTSError","line":859,"method":null,"native":false},{"column":19,"file":"C:\\Users\\shubh\\AppData\\Local\\npm-cache\\_npx\\1bf7c3c15bf47d04\\node_modules\\ts-node\\src\\index.ts","function":"reportTSError","line":863,"method":null,"native":false},{"column":36,"file":"C:\\Users\\shubh\\AppData\\Local\\npm-cache\\_npx\\1bf7c3c15bf47d04\\node_modules\\ts-node\\src\\index.ts","function":"getOutput","line":1077,"method":null,"native":false},{"column":41,"file":"C:\\Users\\shubh\\AppData\\Local\\npm-cache\\_npx\\1bf7c3c15bf47d04\\node_modules\\ts-node\\src\\index.ts","function":"Object.compile","line":1433,"method":"compile","native":false},{"column":30,"file":"C:\\Users\\shubh\\AppData\\Local\\npm-cache\\_npx\\1bf7c3c15bf47d04\\node_modules\\ts-node\\src\\index.ts","function":"Module.m._compile","line":1617,"method":"_compile","native":false},{"column":10,"file":"node:internal/modules/cjs/loader","function":null,"line":1893,"method":null,"native":false},{"column":12,"file":"C:\\Users\\shubh\\AppData\\Local\\npm-cache\\_npx\\1bf7c3c15bf47d04\\node_modules\\ts-node\\src\\index.ts","function":"Object.require.extensions.<computed> [as .ts]","line":1621,"method":"ts]","native":false},{"column":32,"file":"node:internal/modules/cjs/loader","function":"Module.load","line":1481,"method":"load","native":false},{"column":12,"file":"node:internal/modules/cjs/loader","function":"Module._load","line":1300,"method":"_load","native":false},{"column":14,"file":"node:diagnostics_channel","function":"TracingChannel.traceSync","line":328,"method":"traceSync","native":false}]}
{"date":"Thu Nov 20 2025 17:17:36 GMT+0530 (India Standard Time)","error":{},"exception":true,"level":"error","message":"uncaughtException: Cannot read properties of undefined (reading 'apiKey')\nTypeError: Cannot read properties of undefined (reading 'apiKey')\n    at OpenAI (C:\\Users\\shubh\\Downloads\\ecommerce-app\\backend\\src\\services\\chatAI.service.ts:8:25)\n    at Object.<anonymous> (C:\\Users\\shubh\\Downloads\\ecommerce-app\\backend\\src\\services\\chatAI.service.ts:268:1)\n    at Module._compile (node:internal/modules/cjs/loader:1761:14)\n    at Object.transformer (C:\\Users\\shubh\\AppData\\Local\\npm-cache\\_npx\\fd45a72a545557e9\\node_modules\\tsx\\dist\\register-D46fvsV_.cjs:3:1104)\n    at Module.load (node:internal/modules/cjs/loader:1481:32)\n    at Module._load (node:internal/modules/cjs/loader:1300:12)\n    at TracingChannel.traceSync (node:diagnostics_channel:328:14)\n    at wrapModuleLoad (node:internal/modules/cjs/loader:245:24)\n    at Module.require (node:internal/modules/cjs/loader:1504:12)\n    at require (node:internal/modules/helpers:152:16)","os":{"loadavg":[0,0,0],"uptime":628409.406},"process":{"argv":["C:\\Program Files\\nodejs\\node.exe","C:\\Users\\shubh\\Downloads\\ecommerce-app\\backend\\src\\server.ts"],"cwd":"C:\\Users\\shubh\\Downloads\\ecommerce-app","execPath":"C:\\Program Files\\nodejs\\node.exe","gid":null,"memoryUsage":{"arrayBuffers":1082585,"external":7284601,"heapTotal":107413504,"heapUsed":40817888,"rss":201158656},"pid":33944,"uid":null,"version":"v24.11.1"},"service":"mulary-backend","stack":"TypeError: Cannot read properties of undefined (reading 'apiKey')\n    at OpenAI (C:\\Users\\shubh\\Downloads\\ecommerce-app\\backend\\src\\services\\chatAI.service.ts:8:25)\n    at Object.<anonymous> (C:\\Users\\shubh\\Downloads\\ecommerce-app\\backend\\src\\services\\chatAI.service.ts:268:1)\n    at Module._compile (node:internal/modules/cjs/loader:1761:14)\n    at Object.transformer (C:\\Users\\shubh\\AppData\\Local\\npm-cache\\_npx\\fd45a72a545557e9\\node_modules\\tsx\\dist\\register-D46fvsV_.cjs:3:1104)\n    at Module.load (node:internal/modules/cjs/loader:1481:32)\n    at Module._load (node:internal/modules/cjs/loader:1300:12)\n    at TracingChannel.traceSync (node:diagnostics_channel:328:14)\n    at wrapModuleLoad (node:internal/modules/cjs/loader:245:24)\n    at Module.require (node:internal/modules/cjs/loader:1504:12)\n    at require (node:internal/modules/helpers:152:16)","timestamp":"2025-11-20 17:17:36","trace":[{"column":25,"file":"C:\\Users\\shubh\\Downloads\\ecommerce-app\\backend\\src\\services\\chatAI.service.ts","function":"OpenAI","line":8,"method":null,"native":false},{"column":1,"file":"C:\\Users\\shubh\\Downloads\\ecommerce-app\\backend\\src\\services\\chatAI.service.ts","function":null,"line":268,"method":null,"native":false},{"column":14,"file":"node:internal/modules/cjs/loader","function":"Module._compile","line":1761,"method":"_compile","native":false},{"column":1104,"file":"C:\\Users\\shubh\\AppData\\Local\\npm-cache\\_npx\\fd45a72a545557e9\\node_modules\\tsx\\dist\\register-D46fvsV_.cjs","function":"Object.transformer","line":3,"method":"transformer","native":false},{"column":32,"file":"node:internal/modules/cjs/loader","function":"Module.load","line":1481,"method":"load","native":false},{"column":12,"file":"node:internal/modules/cjs/loader","function":"Module._load","line":1300,"method":"_load","native":false},{"column":14,"file":"node:diagnostics_channel","function":"TracingChannel.traceSync","line":328,"method":"traceSync","native":false},{"column":24,"file":"node:internal/modules/cjs/loader","function":"wrapModuleLoad","line":245,"method":null,"native":false},{"column":12,"file":"node:internal/modules/cjs/loader","function":"Module.require","line":1504,"method":"require","native":false},{"column":16,"file":"node:internal/modules/helpers","function":"require","line":152,"method":null,"native":false}]}
{"date":"Fri Nov 28 2025 14:09:26 GMT+0530 (India Standard Time)","error":{},"exception":true,"level":"error","message":"uncaughtException: (0 , express_1.default) is not a function\nTypeError: (0 , express_1.default) is not a function\n    at Object.<anonymous> (C:\\Users\\shubh\\Downloads\\ecommerce-app\\backend\\src\\app.js:36:35)\n    at Module._compile (node:internal/modules/cjs/loader:1761:14)\n    at node:internal/modules/cjs/loader:1893:10\n    at Object.require.extensions.<computed> [as .js] (C:\\Users\\shubh\\AppData\\Local\\npm-cache\\_npx\\1bf7c3c15bf47d04\\node_modules\\ts-node\\src\\index.ts:1608:43)\n    at Module.load (node:internal/modules/cjs/loader:1481:32)\n    at Module._load (node:internal/modules/cjs/loader:1300:12)\n    at TracingChannel.traceSync (node:diagnostics_channel:328:14)\n    at wrapModuleLoad (node:internal/modules/cjs/loader:245:24)\n    at Module.require (node:internal/modules/cjs/loader:1504:12)\n    at require (node:internal/modules/helpers:152:16)","os":{"loadavg":[0,0,0],"uptime":576432.593},"process":{"argv":["C:\\Users\\shubh\\AppData\\Local\\npm-cache\\_npx\\1bf7c3c15bf47d04\\node_modules\\ts-node\\dist\\bin.js","C:\\Users\\shubh\\Downloads\\ecommerce-app\\backend\\src\\server.ts"],"cwd":"C:\\Users\\shubh\\Downloads\\ecommerce-app","execPath":"C:\\Program Files\\nodejs\\node.exe","gid":null,"memoryUsage":{"arrayBuffers":2731214,"external":7025949,"heapTotal":206110720,"heapUsed":116926480,"rss":211841024},"pid":36852,"uid":null,"version":"v24.11.1"},"service":"mulary-backend","stack":"TypeError: (0 , express_1.default) is not a function\n    at Object.<anonymous> (C:\\Users\\shubh\\Downloads\\ecommerce-app\\backend\\src\\app.js:36:35)\n    at Module._compile (node:internal/modules/cjs/loader:1761:14)\n    at node:internal/modules/cjs/loader:1893:10\n    at Object.require.extensions.<computed> [as .js] (C:\\Users\\shubh\\AppData\\Local\\npm-cache\\_npx\\1bf7c3c15bf47d04\\node_modules\\ts-node\\src\\index.ts:1608:43)\n    at Module.load (node:internal/modules/cjs/loader:1481:32)\n    at Module._load (node:internal/modules/cjs/loader:1300:12)\n    at TracingChannel.traceSync (node:diagnostics_channel:328:14)\n    at wrapModuleLoad (node:internal/modules/cjs/loader:245:24)\n    at Module.require (node:internal/modules/cjs/loader:1504:12)\n    at require (node:internal/modules/helpers:152:16)","timestamp":"2025-11-28 14:09:26","trace":[{"column":35,"file":"C:\\Users\\shubh\\Downloads\\ecommerce-app\\backend\\src\\app.js","function":null,"line":36,"method":null,"native":false},{"column":14,"file":"node:internal/modules/cjs/loader","function":"Module._compile","line":1761,"method":"_compile","native":false},{"column":10,"file":"node:internal/modules/cjs/loader","function":null,"line":1893,"method":null,"native":false},{"column":43,"file":"C:\\Users\\shubh\\AppData\\Local\\npm-cache\\_npx\\1bf7c3c15bf47d04\\node_modules\\ts-node\\src\\index.ts","function":"Object.require.extensions.<computed> [as .js]","line":1608,"method":"js]","native":false},{"column":32,"file":"node:internal/modules/cjs/loader","function":"Module.load","line":1481,"method":"load","native":false},{"column":12,"file":"node:internal/modules/cjs/loader","function":"Module._load","line":1300,"method":"_load","native":false},{"column":14,"file":"node:diagnostics_channel","function":"TracingChannel.traceSync","line":328,"method":"traceSync","native":false},{"column":24,"file":"node:internal/modules/cjs/loader","function":"wrapModuleLoad","line":245,"method":null,"native":false},{"column":12,"file":"node:internal/modules/cjs/loader","function":"Module.require","line":1504,"method":"require","native":false},{"column":16,"file":"node:internal/modules/helpers","function":"require","line":152,"method":null,"native":false}]}
